Erreur [2] : Undefined array key 2 dans le fichier /home/runner/tinder/Projet_tinder/sidebar/sidebar_identifier/connexion.php à la ligne 19Erreur [2] : Undefined array key 2 dans le fichier /home/runner/tinder/Projet_tinder/sidebar/sidebar_identifier/connexion.php à la ligne 20Erreur [2] : Undefined array key 2 dans le fichier /home/runner/tinder/Projet_tinder/sidebar/sidebar_identifier/connexion.php à la ligne 20Erreur [2] : Undefined array key 2 dans le fichier /home/runner/tinder/Projet_tinder/sidebar/sidebar_identifier/connexion.php à la ligne 20Erreur [2] : Undefined array key 2 dans le fichier /home/runner/tinder/Projet_tinder/sidebar/sidebar_identifier/connexion.php à la ligne 20Erreur [2] : Undefined array key 2 dans le fichier /home/runner/tinder/Projet_tinder/sidebar/sidebar_identifier/connexion.php à la ligne 20Erreur [2] : Undefined array key 2 dans le fichier /home/runner/tinder/Projet_tinder/sidebar/sidebar_identifier/connexion.php à la ligne 20Erreur [2] : Undefined array key 2 dans le fichier /home/runner/tinder/Projet_tinder/sidebar/sidebar_identifier/connexion.php à la ligne 20Erreur [2] : Undefined array key 2 dans le fichier /home/runner/tinder/Projet_tinder/sidebar/sidebar_identifier/connexion.php à la ligne 20Erreur [2] : Undefined array key 2 dans le fichier /home/runner/tinder/Projet_tinder/sidebar/sidebar_identifier/connexion.php à la ligne 20Erreur [2] : Undefined array key 2 dans le fichier /home/runner/tinder/Projet_tinder/sidebar/sidebar_identifier/connexion.php à la ligne 20Erreur [2] : Undefined array key 2 dans le fichier /home/runner/tinder/Projet_tinder/sidebar/sidebar_identifier/connexion.php à la ligne 20Erreur [2] : Undefined array key 2 dans le fichier /home/runner/tinder/Projet_tinder/sidebar/sidebar_identifier/connexion.php à la ligne 20Erreur [2] : Undefined array key 2 dans le fichier /home/runner/tinder/Projet_tinder/sidebar/sidebar_identifier/connexion.php à la ligne 20Erreur [2] : Undefined array key 2 dans le fichier /home/runner/tinder/Projet_tinder/sidebar/sidebar_identifier/connexion.php à la ligne 20Erreur [2] : Undefined array key 2 dans le fichier /home/runner/tinder/Projet_tinder/sidebar/sidebar_identifier/connexion.php à la ligne 20Erreur [2] : Undefined array key 2 dans le fichier /home/runner/tinder/Projet_tinder/sidebar/sidebar_identifier/connexion.php à la ligne 22[22-May-2024 17:28:07 UTC] PHP Fatal error:  Uncaught Error: Undefined constant "line" in /home/runner/tinder/Projet_tinder/sidebar/sidebar_identifier/oublimdp.php:37
Stack trace:
#0 /home/runner/tinder/Projet_tinder/sidebar/sidebar_identifier/oublimdp.php(61): get_user_data('../../dataU/uti...', 'cpellerin2004@g...')
#1 {main}
  thrown in /home/runner/tinder/Projet_tinder/sidebar/sidebar_identifier/oublimdp.php on line 37
[22-May-2024 17:28:27 UTC] PHP Fatal error:  Uncaught Error: Undefined constant "newPassword" in /home/runner/tinder/Projet_tinder/sidebar/sidebar_identifier/oublimdp.php:63
Stack trace:
#0 {main}
  thrown in /home/runner/tinder/Projet_tinder/sidebar/sidebar_identifier/oublimdp.php on line 63
Erreur [2] : Undefined variable $newPassword dans le fichier /home/runner/tinder/Projet_tinder/sidebar/sidebar_identifier/oublimdp.php à la ligne 60Erreur [8192] : password_hash(): Passing null to parameter #1 ($password) of type string is deprecated dans le fichier /home/runner/tinder/Projet_tinder/sidebar/sidebar_identifier/oublimdp.php à la ligne 60[22-May-2024 17:29:16 UTC] PHP Fatal error:  Uncaught Error: Undefined constant "newmdp" in /home/runner/tinder/Projet_tinder/sidebar/sidebar_identifier/oublimdp.php:63
Stack trace:
#0 {main}
  thrown in /home/runner/tinder/Projet_tinder/sidebar/sidebar_identifier/oublimdp.php on line 63
[22-May-2024 17:30:32 UTC] PHP Fatal error:  Uncaught Error: Undefined constant "newmdp" in /home/runner/tinder/Projet_tinder/sidebar/sidebar_identifier/oublimdp.php:63
Stack trace:
#0 {main}
  thrown in /home/runner/tinder/Projet_tinder/sidebar/sidebar_identifier/oublimdp.php on line 63
test :[22-May-2024 17:31:05 UTC] PHP Fatal error:  Uncaught Error: Undefined constant "newmdp" in /home/runner/tinder/Projet_tinder/sidebar/sidebar_identifier/oublimdp.php:63
Stack trace:
#0 {main}
  thrown in /home/runner/tinder/Projet_tinder/sidebar/sidebar_identifier/oublimdp.php on line 63
[22-May-2024 17:31:59 UTC] PHP Fatal error:  Uncaught Error: Undefined constant "newmdp" in /home/runner/tinder/Projet_tinder/sidebar/sidebar_identifier/oublimdp.php:64
Stack trace:
#0 {main}
  thrown in /home/runner/tinder/Projet_tinder/sidebar/sidebar_identifier/oublimdp.php on line 64
[22-May-2024 17:32:40 UTC] PHP Fatal error:  Uncaught Error: Undefined constant "newmdp" in /home/runner/tinder/Projet_tinder/sidebar/sidebar_identifier/oublimdp.php:64
Stack trace:
#0 {main}
  thrown in /home/runner/tinder/Projet_tinder/sidebar/sidebar_identifier/oublimdp.php on line 64
Erreur [2] : Undefined array key 2 dans le fichier /home/runner/tinder/Projet_tinder/sidebar/sidebar_identifier/connexion.php à la ligne 33Erreur [2] : Undefined array key 2 dans le fichier /home/runner/tinder/Projet_tinder/sidebar/sidebar_identifier/connexion.php à la ligne 33Erreur [2] : Undefined array key 2 dans le fichier /home/runner/tinder/Projet_tinder/sidebar/sidebar_identifier/connexion.php à la ligne 33Erreur [2] : Undefined array key 2 dans le fichier /home/runner/tinder/Projet_tinder/sidebar/sidebar_identifier/connexion.php à la ligne 33Erreur [2] : Undefined array key 2 dans le fichier /home/runner/tinder/Projet_tinder/sidebar/sidebar_identifier/connexion.php à la ligne 33Erreur [2] : Undefined array key 2 dans le fichier /home/runner/tinder/Projet_tinder/sidebar/sidebar_identifier/connexion.php à la ligne 33Erreur [2] : Undefined array key 2 dans le fichier /home/runner/tinder/Projet_tinder/sidebar/sidebar_identifier/connexion.php à la ligne 33Erreur [2] : Undefined array key 2 dans le fichier /home/runner/tinder/Projet_tinder/sidebar/sidebar_identifier/connexion.php à la ligne 33Erreur [2] : Undefined array key 2 dans le fichier /home/runner/tinder/Projet_tinder/sidebar/sidebar_identifier/connexion.php à la ligne 33[25-May-2024 12:21:45 UTC] $_SESSION['loggedin']: 1
[25-May-2024 12:22:08 UTC] $_SESSION['loggedin']: 1
[25-May-2024 12:24:31 UTC] $_SESSION['loggedin']: non défini
[25-May-2024 12:24:54 UTC] $_SESSION['loggedin']: non défini
[25-May-2024 12:28:50 UTC] $_SESSION['loggedin']: non défini
[25-May-2024 12:29:18 UTC] $_SESSION['loggedin']: non défini
[25-May-2024 12:29:23 UTC] $_SESSION['loggedin']: 1
[25-May-2024 12:32:24 UTC] $_SESSION['loggedin']: 1
[25-May-2024 12:32:28 UTC] $_SESSION['loggedin']: non défini
[25-May-2024 12:32:37 UTC] $_SESSION['loggedin']: non défini
[25-May-2024 13:30:04 UTC] $_SESSION['loggedin']: non défini
[25-May-2024 17:10:02 UTC] $_SESSION['loggedin']: non défini
[25-May-2024 17:10:04 UTC] $_SESSION['loggedin']: non défini
[26-May-2024 10:10:34 UTC] $_SESSION['loggedin']: non défini
[26-May-2024 10:10:44 UTC] $_SESSION['loggedin']: non défini
[30-May-2024 13:38:32 UTC] $_SESSION['loggedin']: non défini
[30-May-2024 13:38:40 UTC] $_SESSION['loggedin']: non défini
[30-May-2024 13:38:53 UTC] $_SESSION['loggedin']: non défini
[30-May-2024 13:39:14 UTC] $_SESSION['loggedin']: non défini
[30-May-2024 13:39:42 UTC] $_SESSION['loggedin']: non défini
[30-May-2024 13:39:42 UTC] $_SESSION['loggedin']: non défini
[30-May-2024 13:39:54 UTC] $_SESSION['loggedin']: non défini
Erreur [2] : Undefined array key 2 dans le fichier /home/runner/tinder/Projet_tinder/sidebar/sidebar_identifier/connexion.php à la ligne 33[30-May-2024 13:39:59 UTC] $_SESSION['loggedin']: non défini
Erreur [2] : Undefined array key 2 dans le fichier /home/runner/tinder/Projet_tinder/sidebar/sidebar_identifier/connexion.php à la ligne 33[30-May-2024 13:40:33 UTC] $_SESSION['loggedin']: non défini
Erreur [2] : Undefined array key 2 dans le fichier /home/runner/tinder/Projet_tinder/sidebar/sidebar_identifier/connexion.php à la ligne 33[30-May-2024 13:40:43 UTC] $_SESSION['loggedin']: non défini
Erreur [2] : Undefined array key 2 dans le fichier /home/runner/tinder/Projet_tinder/sidebar/sidebar_identifier/connexion.php à la ligne 33[30-May-2024 13:40:51 UTC] $_SESSION['loggedin']: non défini
[30-May-2024 13:40:59 UTC] $_SESSION['loggedin']: non défini
[04-Jun-2024 21:49:47 UTC] $_SESSION['loggedin']: non défini
[04-Jun-2024 21:50:28 UTC] $_SESSION['loggedin']: non défini
[06-Jun-2024 11:12:21 UTC] $_SESSION['loggedin']: non défini
[06-Jun-2024 11:12:24 UTC] $_SESSION['loggedin']: non défini
[06-Jun-2024 11:12:52 UTC] $_SESSION['loggedin']: non défini
[06-Jun-2024 11:13:14 UTC] $_SESSION['loggedin']: non défini
[06-Jun-2024 11:13:15 UTC] $_SESSION['loggedin']: non défini
[06-Jun-2024 11:13:25 UTC] $_SESSION['loggedin']: non défini
[06-Jun-2024 11:13:26 UTC] $_SESSION['loggedin']: 1
[06-Jun-2024 13:24:54 UTC] $_SESSION['loggedin']: non défini
[06-Jun-2024 13:25:01 UTC] $_SESSION['loggedin']: non défini
[06-Jun-2024 15:01:33 UTC] $_SESSION['loggedin']: non défini
[06-Jun-2024 15:01:39 UTC] $_SESSION['loggedin']: non défini
Erreur [2] : Undefined array key 2 dans le fichier /home/runner/tinder/Projet_tinder/sidebar/sidebar_identifier/connexion.php à la ligne 33[06-Jun-2024 15:01:45 UTC] $_SESSION['loggedin']: non défini
[06-Jun-2024 16:24:29 UTC] $_SESSION['loggedin']: non défini
[06-Jun-2024 16:24:31 UTC] $_SESSION['loggedin']: non défini
[06-Jun-2024 16:41:23 UTC] $_SESSION['loggedin']: non défini
[06-Jun-2024 16:41:46 UTC] $_SESSION['loggedin']: non défini
[06-Jun-2024 16:42:19 UTC] $_SESSION['loggedin']: non défini
[06-Jun-2024 16:42:53 UTC] $_SESSION['loggedin']: non défini
[06-Jun-2024 16:42:53 UTC] $_SESSION['loggedin']: non défini
[06-Jun-2024 16:42:59 UTC] $_SESSION['loggedin']: non défini
[06-Jun-2024 17:21:37 UTC] $_SESSION['loggedin']: non défini
[06-Jun-2024 17:22:23 UTC] $_SESSION['loggedin']: non défini
[06-Jun-2024 17:22:27 UTC] $_SESSION['loggedin']: non défini
[06-Jun-2024 17:22:34 UTC] $_SESSION['loggedin']: non défini
[06-Jun-2024 17:22:39 UTC] $_SESSION['loggedin']: non défini
Erreur [2] : Undefined array key 2 dans le fichier /home/runner/tinder/Projet_tinder/sidebar/sidebar_identifier/connexion.php à la ligne 33[06-Jun-2024 17:22:52 UTC] $_SESSION['loggedin']: non défini
Erreur [2] : Undefined array key 2 dans le fichier /home/runner/tinder/Projet_tinder/sidebar/sidebar_identifier/connexion.php à la ligne 33[06-Jun-2024 17:23:12 UTC] $_SESSION['loggedin']: non défini
Erreur [2] : Undefined array key 2 dans le fichier /home/runner/tinder/Projet_tinder/sidebar/sidebar_identifier/connexion.php à la ligne 33[06-Jun-2024 17:23:19 UTC] $_SESSION['loggedin']: non défini
[06-Jun-2024 17:23:22 UTC] $_SESSION['loggedin']: non défini
[06-Jun-2024 17:23:26 UTC] $_SESSION['loggedin']: non défini
[06-Jun-2024 17:23:32 UTC] $_SESSION['loggedin']: non défini
[06-Jun-2024 17:23:51 UTC] $_SESSION['loggedin']: non défini
[06-Jun-2024 18:30:10 UTC] $_SESSION['loggedin']: non défini
[06-Jun-2024 18:32:15 UTC] $_SESSION['loggedin']: non défini
[06-Jun-2024 18:32:18 UTC] $_SESSION['loggedin']: non défini
[06-Jun-2024 18:32:36 UTC] $_SESSION['loggedin']: non défini
[06-Jun-2024 18:32:36 UTC] $_SESSION['loggedin']: non défini
[06-Jun-2024 18:32:42 UTC] $_SESSION['loggedin']: non défini
Erreur [2] : Undefined array key 2 dans le fichier /home/runner/tinder/Projet_tinder/sidebar/sidebar_identifier/connexion.php à la ligne 33[06-Jun-2024 18:32:47 UTC] $_SESSION['loggedin']: non défini
[06-Jun-2024 18:49:06 UTC] $_SESSION['loggedin']: non défini
[06-Jun-2024 18:49:08 UTC] $_SESSION['loggedin']: non défini
[06-Jun-2024 18:49:26 UTC] $_SESSION['loggedin']: non défini
[06-Jun-2024 18:49:42 UTC] $_SESSION['loggedin']: non défini
[06-Jun-2024 18:49:42 UTC] $_SESSION['loggedin']: non défini
[06-Jun-2024 18:49:45 UTC] $_SESSION['loggedin']: non défini
[06-Jun-2024 18:50:05 UTC] $_SESSION['loggedin']: non défini
[06-Jun-2024 18:50:06 UTC] $_SESSION['loggedin']: non défini
[06-Jun-2024 18:50:21 UTC] $_SESSION['loggedin']: non défini
[06-Jun-2024 19:05:33 UTC] $_SESSION['loggedin']: 1
[06-Jun-2024 19:34:38 UTC] $_SESSION['loggedin']: 1
[06-Jun-2024 19:36:47 UTC] $_SESSION['loggedin']: non défini
[06-Jun-2024 19:36:55 UTC] $_SESSION['loggedin']: non défini
Erreur [2] : Undefined array key 2 dans le fichier /home/runner/tinder/Projet_tinder/sidebar/sidebar_identifier/connexion.php à la ligne 33[06-Jun-2024 19:37:01 UTC] $_SESSION['loggedin']: non défini
Erreur [2] : Undefined array key 2 dans le fichier /home/runner/tinder/Projet_tinder/sidebar/sidebar_identifier/connexion.php à la ligne 33[06-Jun-2024 19:37:10 UTC] $_SESSION['loggedin']: non défini
[06-Jun-2024 19:37:34 UTC] $_SESSION['loggedin']: non défini
[06-Jun-2024 19:37:34 UTC] $_SESSION['loggedin']: non défini
[06-Jun-2024 19:37:39 UTC] $_SESSION['loggedin']: non défini
[06-Jun-2024 19:42:29 UTC] $_SESSION['loggedin']: non défini
[06-Jun-2024 19:42:46 UTC] $_SESSION['loggedin']: non défini
[06-Jun-2024 21:01:03 UTC] $_SESSION['loggedin']: non défini
[06-Jun-2024 21:01:13 UTC] $_SESSION['loggedin']: non défini
[06-Jun-2024 21:04:57 UTC] $_SESSION['loggedin']: non défini
[06-Jun-2024 21:05:21 UTC] $_SESSION['loggedin']: non défini
Erreur [2] : Undefined array key 2 dans le fichier /home/runner/tinder/Projet_tinder/sidebar/sidebar_identifier/connexion.php à la ligne 33[06-Jun-2024 21:05:31 UTC] $_SESSION['loggedin']: non défini
Erreur [2] : Undefined array key 2 dans le fichier /home/runner/tinder/Projet_tinder/sidebar/sidebar_identifier/connexion.php à la ligne 33[06-Jun-2024 21:05:40 UTC] $_SESSION['loggedin']: non défini
[06-Jun-2024 21:25:34 UTC] $_SESSION['loggedin']: non défini
[06-Jun-2024 21:25:45 UTC] $_SESSION['loggedin']: non défini
[06-Jun-2024 21:56:59 UTC] $_SESSION['loggedin']: non défini
[06-Jun-2024 21:57:07 UTC] $_SESSION['loggedin']: non défini
[06-Jun-2024 22:17:09 UTC] $_SESSION['loggedin']: non défini
[06-Jun-2024 22:24:10 UTC] $_SESSION['loggedin']: non défini
[06-Jun-2024 22:24:12 UTC] $_SESSION['loggedin']: non défini
[06-Jun-2024 22:24:43 UTC] $_SESSION['loggedin']: non défini
[06-Jun-2024 22:24:44 UTC] $_SESSION['loggedin']: non défini
[06-Jun-2024 22:27:33 UTC] $_SESSION['loggedin']: non défini
[06-Jun-2024 22:27:55 UTC] $_SESSION['loggedin']: non défini
Erreur [2] : Undefined array key 2 dans le fichier /home/runner/tinder/Projet_tinder/sidebar/sidebar_identifier/connexion.php à la ligne 33[06-Jun-2024 22:28:04 UTC] $_SESSION['loggedin']: non défini
[06-Jun-2024 22:30:03 UTC] $_SESSION['loggedin']: non défini
[06-Jun-2024 22:30:09 UTC] $_SESSION['loggedin']: non défini
[06-Jun-2024 22:30:50 UTC] $_SESSION['loggedin']: non défini
[06-Jun-2024 22:30:51 UTC] $_SESSION['loggedin']: non défini
[06-Jun-2024 22:31:01 UTC] $_SESSION['loggedin']: non défini
[06-Jun-2024 22:32:13 UTC] $_SESSION['loggedin']: non défini
[06-Jun-2024 22:32:34 UTC] $_SESSION['loggedin']: non défini
[06-Jun-2024 22:32:59 UTC] $_SESSION['loggedin']: non défini
[06-Jun-2024 22:32:59 UTC] $_SESSION['loggedin']: non défini
[06-Jun-2024 22:34:15 UTC] $_SESSION['loggedin']: non défini
[06-Jun-2024 22:34:43 UTC] $_SESSION['loggedin']: non défini
[06-Jun-2024 22:37:30 UTC] $_SESSION['loggedin']: non défini
[06-Jun-2024 22:37:34 UTC] $_SESSION['loggedin']: non défini
[06-Jun-2024 22:38:26 UTC] $_SESSION['loggedin']: non défini
[06-Jun-2024 22:38:26 UTC] $_SESSION['loggedin']: non défini
[06-Jun-2024 22:38:36 UTC] $_SESSION['loggedin']: non défini
[06-Jun-2024 22:55:35 UTC] $_SESSION['loggedin']: non défini
[06-Jun-2024 22:55:42 UTC] $_SESSION['loggedin']: non défini
[06-Jun-2024 23:03:29 UTC] $_SESSION['loggedin']: non défini
[06-Jun-2024 23:03:37 UTC] $_SESSION['loggedin']: non défini
