[06-Jun-2024 12:39:52 UTC] $_SESSION['loggedin']: 1
Erreur [8] : session_start(): Ignoring session_start() because a session is already active dans le fichier /home/runner/tinder/Projet_tinder/sidebar/sidebar_galerie/list_creation.php à la ligne 1Erreur [2] : Undefined array key 1 dans le fichier /home/runner/tinder/Projet_tinder/sidebar/sidebar_galerie/list_creation.php à la ligne 20Erreur [2] : Undefined array key 5 dans le fichier /home/runner/tinder/Projet_tinder/sidebar/sidebar_galerie/list_creation.php à la ligne 21[06-Jun-2024 13:11:36 UTC] $_SESSION['loggedin']: 1
[06-Jun-2024 13:18:19 UTC] $_SESSION['loggedin']: non défini
[06-Jun-2024 13:23:43 UTC] $_SESSION['loggedin']: non défini
[06-Jun-2024 13:23:46 UTC] $_SESSION['loggedin']: non défini
[06-Jun-2024 13:24:52 UTC] $_SESSION['loggedin']: non défini
[06-Jun-2024 13:25:04 UTC] $_SESSION['loggedin']: 1
[06-Jun-2024 13:26:13 UTC] $_SESSION['loggedin']: 1
[06-Jun-2024 13:31:01 UTC] $_SESSION['loggedin']: 1
[06-Jun-2024 13:36:24 UTC] $_SESSION['loggedin']: 1
[06-Jun-2024 13:36:24 UTC] Ligne brute : anthoskinny@gmail.com,664e2e109e152,AnthoGaming75,$2y$10$uPeXyHrY5bR5xG0TmrurZuTkCf9vybp.Bm9qSa3uBSGmEBZQRiOe2,homme,1,2024-05-22,19,Limgrave
[06-Jun-2024 13:36:24 UTC] Nombre de champs : 9
[06-Jun-2024 13:36:24 UTC] <div class="image-container">
[06-Jun-2024 13:36:24 UTC] Ligne brute : cocopelle@gmail.com,66504fc43130b,cocopelle,$2y$10$sKTmhN7e7dG42fo7Rrgs9utw2/FaFTX4vyt4VSSgA5Lvni7mQ17Wu,homme,1,2024-05-24,19,cocopellecity
[06-Jun-2024 13:36:24 UTC] Nombre de champs : 9
[06-Jun-2024 13:36:24 UTC] <div class="image-container">
[06-Jun-2024 13:36:24 UTC] Ligne brute : pellerinco@cy-tech.fr,6650f42b26d8c,cocococo,$2y$10$wPOehEoC30GPyL3G6takP.iF8ejlU2nTUCa2pAEA5vsJx8/0HgbWK,homme,0,2024-05-24,19,coco
[06-Jun-2024 13:36:24 UTC] Nombre de champs : 9
[06-Jun-2024 13:36:24 UTC] Ligne brute : bounce@gmail.com,6651cfaca2bac,bounce,$2y$10$tpW29H2inoOdHYB.SB80fO3TGDh4KAH2FJ.Zh6qih61Vk8si0exWC,homme,1,2024-05-25,19,cergy
[06-Jun-2024 13:36:24 UTC] Nombre de champs : 9
[06-Jun-2024 13:36:24 UTC] <div class="image-container">
[06-Jun-2024 13:36:24 UTC] Ligne brute : cpellerin2004@gmail.com,6658819e577c4,Restaurant ,$2y$10$w87uWoe8A4hQBC75rI5IYOUMHmebgUi6VXc24ZnUEyfJt0OAbV2a.,homme,0,2024-05-30,25,Pussy
[06-Jun-2024 13:36:24 UTC] Nombre de champs : 9
[06-Jun-2024 13:36:24 UTC] Ligne brute : 3310@gmail.Com,666199cae1458,3310,$2y$10$MRupS5G6UbSumxCUFRoSGe.KbWGYd8cyitNhsBoSVtIbHNiK49XIC,homme,0,2024-06-06,33,10
[06-Jun-2024 13:36:24 UTC] Nombre de champs : 9
[06-Jun-2024 13:36:24 UTC] Ligne brute : 
[06-Jun-2024 13:36:41 UTC] $_SESSION['loggedin']: 1
[06-Jun-2024 13:36:41 UTC] Ligne brute : anthoskinny@gmail.com,664e2e109e152,AnthoGaming75,$2y$10$uPeXyHrY5bR5xG0TmrurZuTkCf9vybp.Bm9qSa3uBSGmEBZQRiOe2,homme,1,2024-05-22,19,Limgrave
[06-Jun-2024 13:36:41 UTC] Nombre de champs : 9
[06-Jun-2024 13:36:41 UTC] <div class="image-container">
[06-Jun-2024 13:36:41 UTC] Ligne brute : cocopelle@gmail.com,66504fc43130b,cocopelle,$2y$10$sKTmhN7e7dG42fo7Rrgs9utw2/FaFTX4vyt4VSSgA5Lvni7mQ17Wu,homme,1,2024-05-24,19,cocopellecity
[06-Jun-2024 13:36:41 UTC] Nombre de champs : 9
[06-Jun-2024 13:36:41 UTC] <div class="image-container">
[06-Jun-2024 13:36:41 UTC] Ligne brute : pellerinco@cy-tech.fr,6650f42b26d8c,cocococo,$2y$10$wPOehEoC30GPyL3G6takP.iF8ejlU2nTUCa2pAEA5vsJx8/0HgbWK,homme,0,2024-05-24,19,coco
[06-Jun-2024 13:36:41 UTC] Nombre de champs : 9
[06-Jun-2024 13:36:41 UTC] Ligne brute : bounce@gmail.com,6651cfaca2bac,bounce,$2y$10$tpW29H2inoOdHYB.SB80fO3TGDh4KAH2FJ.Zh6qih61Vk8si0exWC,homme,1,2024-05-25,19,cergy
[06-Jun-2024 13:36:41 UTC] Nombre de champs : 9
[06-Jun-2024 13:36:41 UTC] <div class="image-container">
[06-Jun-2024 13:36:41 UTC] Ligne brute : cpellerin2004@gmail.com,6658819e577c4,Restaurant ,$2y$10$w87uWoe8A4hQBC75rI5IYOUMHmebgUi6VXc24ZnUEyfJt0OAbV2a.,homme,0,2024-05-30,25,Pussy
[06-Jun-2024 13:36:41 UTC] Nombre de champs : 9
[06-Jun-2024 13:36:41 UTC] Ligne brute : 3310@gmail.Com,666199cae1458,3310,$2y$10$MRupS5G6UbSumxCUFRoSGe.KbWGYd8cyitNhsBoSVtIbHNiK49XIC,homme,0,2024-06-06,33,10
[06-Jun-2024 13:36:41 UTC] Nombre de champs : 9
[06-Jun-2024 13:36:41 UTC] Ligne brute : 
[06-Jun-2024 13:36:43 UTC] $_SESSION['loggedin']: 1
[06-Jun-2024 13:36:43 UTC] Ligne brute : anthoskinny@gmail.com,664e2e109e152,AnthoGaming75,$2y$10$uPeXyHrY5bR5xG0TmrurZuTkCf9vybp.Bm9qSa3uBSGmEBZQRiOe2,homme,1,2024-05-22,19,Limgrave
[06-Jun-2024 13:36:43 UTC] Nombre de champs : 9
[06-Jun-2024 13:36:43 UTC] <div class="image-container">
[06-Jun-2024 13:36:43 UTC] Ligne brute : cocopelle@gmail.com,66504fc43130b,cocopelle,$2y$10$sKTmhN7e7dG42fo7Rrgs9utw2/FaFTX4vyt4VSSgA5Lvni7mQ17Wu,homme,1,2024-05-24,19,cocopellecity
[06-Jun-2024 13:36:43 UTC] Nombre de champs : 9
[06-Jun-2024 13:36:43 UTC] <div class="image-container">
[06-Jun-2024 13:36:43 UTC] Ligne brute : pellerinco@cy-tech.fr,6650f42b26d8c,cocococo,$2y$10$wPOehEoC30GPyL3G6takP.iF8ejlU2nTUCa2pAEA5vsJx8/0HgbWK,homme,0,2024-05-24,19,coco
[06-Jun-2024 13:36:43 UTC] Nombre de champs : 9
[06-Jun-2024 13:36:43 UTC] Ligne brute : bounce@gmail.com,6651cfaca2bac,bounce,$2y$10$tpW29H2inoOdHYB.SB80fO3TGDh4KAH2FJ.Zh6qih61Vk8si0exWC,homme,1,2024-05-25,19,cergy
[06-Jun-2024 13:36:43 UTC] Nombre de champs : 9
[06-Jun-2024 13:36:43 UTC] <div class="image-container">
[06-Jun-2024 13:36:43 UTC] Ligne brute : cpellerin2004@gmail.com,6658819e577c4,Restaurant ,$2y$10$w87uWoe8A4hQBC75rI5IYOUMHmebgUi6VXc24ZnUEyfJt0OAbV2a.,homme,0,2024-05-30,25,Pussy
[06-Jun-2024 13:36:43 UTC] Nombre de champs : 9
[06-Jun-2024 13:36:43 UTC] Ligne brute : 3310@gmail.Com,666199cae1458,3310,$2y$10$MRupS5G6UbSumxCUFRoSGe.KbWGYd8cyitNhsBoSVtIbHNiK49XIC,homme,0,2024-06-06,33,10
[06-Jun-2024 13:36:43 UTC] Nombre de champs : 9
[06-Jun-2024 13:36:43 UTC] Ligne brute : 
[06-Jun-2024 13:36:46 UTC] $_SESSION['loggedin']: 1
[06-Jun-2024 13:36:46 UTC] Ligne brute : anthoskinny@gmail.com,664e2e109e152,AnthoGaming75,$2y$10$uPeXyHrY5bR5xG0TmrurZuTkCf9vybp.Bm9qSa3uBSGmEBZQRiOe2,homme,1,2024-05-22,19,Limgrave
[06-Jun-2024 13:36:46 UTC] Nombre de champs : 9
[06-Jun-2024 13:36:46 UTC] <div class="image-container">
[06-Jun-2024 13:36:46 UTC] Ligne brute : cocopelle@gmail.com,66504fc43130b,cocopelle,$2y$10$sKTmhN7e7dG42fo7Rrgs9utw2/FaFTX4vyt4VSSgA5Lvni7mQ17Wu,homme,1,2024-05-24,19,cocopellecity
[06-Jun-2024 13:36:46 UTC] Nombre de champs : 9
[06-Jun-2024 13:36:46 UTC] <div class="image-container">
[06-Jun-2024 13:36:46 UTC] Ligne brute : pellerinco@cy-tech.fr,6650f42b26d8c,cocococo,$2y$10$wPOehEoC30GPyL3G6takP.iF8ejlU2nTUCa2pAEA5vsJx8/0HgbWK,homme,0,2024-05-24,19,coco
[06-Jun-2024 13:36:46 UTC] Nombre de champs : 9
[06-Jun-2024 13:36:46 UTC] Ligne brute : bounce@gmail.com,6651cfaca2bac,bounce,$2y$10$tpW29H2inoOdHYB.SB80fO3TGDh4KAH2FJ.Zh6qih61Vk8si0exWC,homme,1,2024-05-25,19,cergy
[06-Jun-2024 13:36:46 UTC] Nombre de champs : 9
[06-Jun-2024 13:36:46 UTC] <div class="image-container">
[06-Jun-2024 13:36:46 UTC] Ligne brute : cpellerin2004@gmail.com,6658819e577c4,Restaurant ,$2y$10$w87uWoe8A4hQBC75rI5IYOUMHmebgUi6VXc24ZnUEyfJt0OAbV2a.,homme,0,2024-05-30,25,Pussy
[06-Jun-2024 13:36:46 UTC] Nombre de champs : 9
[06-Jun-2024 13:36:46 UTC] Ligne brute : 3310@gmail.Com,666199cae1458,3310,$2y$10$MRupS5G6UbSumxCUFRoSGe.KbWGYd8cyitNhsBoSVtIbHNiK49XIC,homme,0,2024-06-06,33,10
[06-Jun-2024 13:36:46 UTC] Nombre de champs : 9
[06-Jun-2024 13:36:46 UTC] Ligne brute : 
[06-Jun-2024 13:36:49 UTC] $_SESSION['loggedin']: 1
[06-Jun-2024 13:36:49 UTC] Ligne brute : anthoskinny@gmail.com,664e2e109e152,AnthoGaming75,$2y$10$uPeXyHrY5bR5xG0TmrurZuTkCf9vybp.Bm9qSa3uBSGmEBZQRiOe2,homme,1,2024-05-22,19,Limgrave
[06-Jun-2024 13:36:49 UTC] Nombre de champs : 9
[06-Jun-2024 13:36:49 UTC] <div class="image-container">
[06-Jun-2024 13:36:49 UTC] Ligne brute : cocopelle@gmail.com,66504fc43130b,cocopelle,$2y$10$sKTmhN7e7dG42fo7Rrgs9utw2/FaFTX4vyt4VSSgA5Lvni7mQ17Wu,homme,1,2024-05-24,19,cocopellecity
[06-Jun-2024 13:36:49 UTC] Nombre de champs : 9
[06-Jun-2024 13:36:49 UTC] <div class="image-container">
[06-Jun-2024 13:36:49 UTC] Ligne brute : pellerinco@cy-tech.fr,6650f42b26d8c,cocococo,$2y$10$wPOehEoC30GPyL3G6takP.iF8ejlU2nTUCa2pAEA5vsJx8/0HgbWK,homme,0,2024-05-24,19,coco
[06-Jun-2024 13:36:49 UTC] Nombre de champs : 9
[06-Jun-2024 13:36:49 UTC] Ligne brute : bounce@gmail.com,6651cfaca2bac,bounce,$2y$10$tpW29H2inoOdHYB.SB80fO3TGDh4KAH2FJ.Zh6qih61Vk8si0exWC,homme,1,2024-05-25,19,cergy
[06-Jun-2024 13:36:49 UTC] Nombre de champs : 9
[06-Jun-2024 13:36:49 UTC] <div class="image-container">
[06-Jun-2024 13:36:49 UTC] Ligne brute : cpellerin2004@gmail.com,6658819e577c4,Restaurant ,$2y$10$w87uWoe8A4hQBC75rI5IYOUMHmebgUi6VXc24ZnUEyfJt0OAbV2a.,homme,0,2024-05-30,25,Pussy
[06-Jun-2024 13:36:49 UTC] Nombre de champs : 9
[06-Jun-2024 13:36:49 UTC] Ligne brute : 3310@gmail.Com,666199cae1458,3310,$2y$10$MRupS5G6UbSumxCUFRoSGe.KbWGYd8cyitNhsBoSVtIbHNiK49XIC,homme,0,2024-06-06,33,10
[06-Jun-2024 13:36:49 UTC] Nombre de champs : 9
[06-Jun-2024 13:36:49 UTC] Ligne brute : 
[06-Jun-2024 13:36:51 UTC] $_SESSION['loggedin']: 1
[06-Jun-2024 13:36:51 UTC] Ligne brute : anthoskinny@gmail.com,664e2e109e152,AnthoGaming75,$2y$10$uPeXyHrY5bR5xG0TmrurZuTkCf9vybp.Bm9qSa3uBSGmEBZQRiOe2,homme,1,2024-05-22,19,Limgrave
[06-Jun-2024 13:36:51 UTC] Nombre de champs : 9
[06-Jun-2024 13:36:51 UTC] <div class="image-container">
[06-Jun-2024 13:36:51 UTC] Ligne brute : cocopelle@gmail.com,66504fc43130b,cocopelle,$2y$10$sKTmhN7e7dG42fo7Rrgs9utw2/FaFTX4vyt4VSSgA5Lvni7mQ17Wu,homme,1,2024-05-24,19,cocopellecity
[06-Jun-2024 13:36:51 UTC] Nombre de champs : 9
[06-Jun-2024 13:36:51 UTC] <div class="image-container">
[06-Jun-2024 13:36:51 UTC] Ligne brute : pellerinco@cy-tech.fr,6650f42b26d8c,cocococo,$2y$10$wPOehEoC30GPyL3G6takP.iF8ejlU2nTUCa2pAEA5vsJx8/0HgbWK,homme,0,2024-05-24,19,coco
[06-Jun-2024 13:36:51 UTC] Nombre de champs : 9
[06-Jun-2024 13:36:51 UTC] Ligne brute : bounce@gmail.com,6651cfaca2bac,bounce,$2y$10$tpW29H2inoOdHYB.SB80fO3TGDh4KAH2FJ.Zh6qih61Vk8si0exWC,homme,1,2024-05-25,19,cergy
[06-Jun-2024 13:36:51 UTC] Nombre de champs : 9
[06-Jun-2024 13:36:51 UTC] <div class="image-container">
[06-Jun-2024 13:36:51 UTC] Ligne brute : cpellerin2004@gmail.com,6658819e577c4,Restaurant ,$2y$10$w87uWoe8A4hQBC75rI5IYOUMHmebgUi6VXc24ZnUEyfJt0OAbV2a.,homme,0,2024-05-30,25,Pussy
[06-Jun-2024 13:36:51 UTC] Nombre de champs : 9
[06-Jun-2024 13:36:51 UTC] Ligne brute : 3310@gmail.Com,666199cae1458,3310,$2y$10$MRupS5G6UbSumxCUFRoSGe.KbWGYd8cyitNhsBoSVtIbHNiK49XIC,homme,0,2024-06-06,33,10
[06-Jun-2024 13:36:51 UTC] Nombre de champs : 9
[06-Jun-2024 13:36:51 UTC] Ligne brute : 
[06-Jun-2024 13:37:09 UTC] $_SESSION['loggedin']: 1
[06-Jun-2024 13:37:09 UTC] Ligne brute : anthoskinny@gmail.com,664e2e109e152,AnthoGaming75,$2y$10$uPeXyHrY5bR5xG0TmrurZuTkCf9vybp.Bm9qSa3uBSGmEBZQRiOe2,homme,1,2024-05-22,19,Limgrave
[06-Jun-2024 13:37:09 UTC] Nombre de champs : 9
[06-Jun-2024 13:37:09 UTC] <div class="image-container">
[06-Jun-2024 13:37:09 UTC] Ligne brute : cocopelle@gmail.com,66504fc43130b,cocopelle,$2y$10$sKTmhN7e7dG42fo7Rrgs9utw2/FaFTX4vyt4VSSgA5Lvni7mQ17Wu,homme,1,2024-05-24,19,cocopellecity
[06-Jun-2024 13:37:09 UTC] Nombre de champs : 9
[06-Jun-2024 13:37:09 UTC] <div class="image-container">
[06-Jun-2024 13:37:09 UTC] Ligne brute : pellerinco@cy-tech.fr,6650f42b26d8c,cocococo,$2y$10$wPOehEoC30GPyL3G6takP.iF8ejlU2nTUCa2pAEA5vsJx8/0HgbWK,homme,0,2024-05-24,19,coco
[06-Jun-2024 13:37:09 UTC] Nombre de champs : 9
[06-Jun-2024 13:37:09 UTC] Ligne brute : bounce@gmail.com,6651cfaca2bac,bounce,$2y$10$tpW29H2inoOdHYB.SB80fO3TGDh4KAH2FJ.Zh6qih61Vk8si0exWC,homme,1,2024-05-25,19,cergy
[06-Jun-2024 13:37:09 UTC] Nombre de champs : 9
[06-Jun-2024 13:37:09 UTC] <div class="image-container">
[06-Jun-2024 13:37:09 UTC] Ligne brute : cpellerin2004@gmail.com,6658819e577c4,Restaurant ,$2y$10$w87uWoe8A4hQBC75rI5IYOUMHmebgUi6VXc24ZnUEyfJt0OAbV2a.,homme,0,2024-05-30,25,Pussy
[06-Jun-2024 13:37:09 UTC] Nombre de champs : 9
[06-Jun-2024 13:37:09 UTC] Ligne brute : 3310@gmail.Com,666199cae1458,3310,$2y$10$MRupS5G6UbSumxCUFRoSGe.KbWGYd8cyitNhsBoSVtIbHNiK49XIC,homme,0,2024-06-06,33,10
[06-Jun-2024 13:37:09 UTC] Nombre de champs : 9
[06-Jun-2024 13:37:09 UTC] Ligne brute : 
[06-Jun-2024 13:37:12 UTC] $_SESSION['loggedin']: 1
[06-Jun-2024 13:37:12 UTC] Ligne brute : anthoskinny@gmail.com,664e2e109e152,AnthoGaming75,$2y$10$uPeXyHrY5bR5xG0TmrurZuTkCf9vybp.Bm9qSa3uBSGmEBZQRiOe2,homme,1,2024-05-22,19,Limgrave
[06-Jun-2024 13:37:12 UTC] Nombre de champs : 9
[06-Jun-2024 13:37:12 UTC] <div class="image-container">
[06-Jun-2024 13:37:12 UTC] Ligne brute : cocopelle@gmail.com,66504fc43130b,cocopelle,$2y$10$sKTmhN7e7dG42fo7Rrgs9utw2/FaFTX4vyt4VSSgA5Lvni7mQ17Wu,homme,1,2024-05-24,19,cocopellecity
[06-Jun-2024 13:37:12 UTC] Nombre de champs : 9
[06-Jun-2024 13:37:12 UTC] <div class="image-container">
[06-Jun-2024 13:37:12 UTC] Ligne brute : pellerinco@cy-tech.fr,6650f42b26d8c,cocococo,$2y$10$wPOehEoC30GPyL3G6takP.iF8ejlU2nTUCa2pAEA5vsJx8/0HgbWK,homme,0,2024-05-24,19,coco
[06-Jun-2024 13:37:12 UTC] Nombre de champs : 9
[06-Jun-2024 13:37:12 UTC] Ligne brute : bounce@gmail.com,6651cfaca2bac,bounce,$2y$10$tpW29H2inoOdHYB.SB80fO3TGDh4KAH2FJ.Zh6qih61Vk8si0exWC,homme,1,2024-05-25,19,cergy
[06-Jun-2024 13:37:12 UTC] Nombre de champs : 9
[06-Jun-2024 13:37:12 UTC] <div class="image-container">
[06-Jun-2024 13:37:12 UTC] Ligne brute : cpellerin2004@gmail.com,6658819e577c4,Restaurant ,$2y$10$w87uWoe8A4hQBC75rI5IYOUMHmebgUi6VXc24ZnUEyfJt0OAbV2a.,homme,0,2024-05-30,25,Pussy
[06-Jun-2024 13:37:12 UTC] Nombre de champs : 9
[06-Jun-2024 13:37:12 UTC] Ligne brute : 3310@gmail.Com,666199cae1458,3310,$2y$10$MRupS5G6UbSumxCUFRoSGe.KbWGYd8cyitNhsBoSVtIbHNiK49XIC,homme,0,2024-06-06,33,10
[06-Jun-2024 13:37:12 UTC] Nombre de champs : 9
[06-Jun-2024 13:37:12 UTC] Ligne brute : 
[06-Jun-2024 14:37:35 UTC] $_SESSION['loggedin']: non défini
[06-Jun-2024 14:37:35 UTC] Ligne brute : anthoskinny@gmail.com,664e2e109e152,AnthoGaming75,$2y$10$uPeXyHrY5bR5xG0TmrurZuTkCf9vybp.Bm9qSa3uBSGmEBZQRiOe2,homme,1,2024-05-22,19,Limgrave
[06-Jun-2024 14:37:35 UTC] Nombre de champs : 9
[06-Jun-2024 14:37:35 UTC] <div class="image-container">
[06-Jun-2024 14:37:35 UTC] Ligne brute : cocopelle@gmail.com,66504fc43130b,cocopelle,$2y$10$sKTmhN7e7dG42fo7Rrgs9utw2/FaFTX4vyt4VSSgA5Lvni7mQ17Wu,homme,1,2024-05-24,19,cocopellecity
[06-Jun-2024 14:37:35 UTC] Nombre de champs : 9
[06-Jun-2024 14:37:35 UTC] <div class="image-container">
[06-Jun-2024 14:37:35 UTC] Ligne brute : pellerinco@cy-tech.fr,6650f42b26d8c,cocococo,$2y$10$wPOehEoC30GPyL3G6takP.iF8ejlU2nTUCa2pAEA5vsJx8/0HgbWK,homme,0,2024-05-24,19,coco
[06-Jun-2024 14:37:35 UTC] Nombre de champs : 9
[06-Jun-2024 14:37:35 UTC] Ligne brute : bounce@gmail.com,6651cfaca2bac,bounce,$2y$10$tpW29H2inoOdHYB.SB80fO3TGDh4KAH2FJ.Zh6qih61Vk8si0exWC,homme,1,2024-05-25,19,cergy
[06-Jun-2024 14:37:35 UTC] Nombre de champs : 9
[06-Jun-2024 14:37:35 UTC] <div class="image-container">
[06-Jun-2024 14:37:35 UTC] Ligne brute : cpellerin2004@gmail.com,6658819e577c4,Restaurant ,$2y$10$w87uWoe8A4hQBC75rI5IYOUMHmebgUi6VXc24ZnUEyfJt0OAbV2a.,homme,0,2024-05-30,25,Pussy
[06-Jun-2024 14:37:35 UTC] Nombre de champs : 9
[06-Jun-2024 14:37:35 UTC] Ligne brute : 3310@gmail.Com,666199cae1458,3310,$2y$10$MRupS5G6UbSumxCUFRoSGe.KbWGYd8cyitNhsBoSVtIbHNiK49XIC,homme,0,2024-06-06,33,10
[06-Jun-2024 14:37:35 UTC] Nombre de champs : 9
[06-Jun-2024 14:37:35 UTC] Ligne brute : 
[06-Jun-2024 14:52:13 UTC] $_SESSION['loggedin']: non défini
[06-Jun-2024 14:52:13 UTC] Ligne brute : anthoskinny@gmail.com,664e2e109e152,AnthoGaming75,$2y$10$uPeXyHrY5bR5xG0TmrurZuTkCf9vybp.Bm9qSa3uBSGmEBZQRiOe2,homme,1,2024-05-22,19,Limgrave
[06-Jun-2024 14:52:13 UTC] Nombre de champs : 9
[06-Jun-2024 14:52:13 UTC] <div class="image-container">
[06-Jun-2024 14:52:13 UTC] Ligne brute : cocopelle@gmail.com,66504fc43130b,cocopelle,$2y$10$sKTmhN7e7dG42fo7Rrgs9utw2/FaFTX4vyt4VSSgA5Lvni7mQ17Wu,homme,1,2024-05-24,19,cocopellecity
[06-Jun-2024 14:52:13 UTC] Nombre de champs : 9
[06-Jun-2024 14:52:13 UTC] <div class="image-container">
[06-Jun-2024 14:52:13 UTC] Ligne brute : pellerinco@cy-tech.fr,6650f42b26d8c,cocococo,$2y$10$wPOehEoC30GPyL3G6takP.iF8ejlU2nTUCa2pAEA5vsJx8/0HgbWK,homme,0,2024-05-24,19,coco
[06-Jun-2024 14:52:13 UTC] Nombre de champs : 9
[06-Jun-2024 14:52:13 UTC] Ligne brute : bounce@gmail.com,6651cfaca2bac,bounce,$2y$10$tpW29H2inoOdHYB.SB80fO3TGDh4KAH2FJ.Zh6qih61Vk8si0exWC,homme,1,2024-05-25,19,cergy
[06-Jun-2024 14:52:13 UTC] Nombre de champs : 9
[06-Jun-2024 14:52:13 UTC] <div class="image-container">
[06-Jun-2024 14:52:13 UTC] Ligne brute : cpellerin2004@gmail.com,6658819e577c4,Restaurant ,$2y$10$w87uWoe8A4hQBC75rI5IYOUMHmebgUi6VXc24ZnUEyfJt0OAbV2a.,homme,0,2024-05-30,25,Pussy
[06-Jun-2024 14:52:13 UTC] Nombre de champs : 9
[06-Jun-2024 14:52:13 UTC] Ligne brute : 3310@gmail.Com,666199cae1458,3310,$2y$10$MRupS5G6UbSumxCUFRoSGe.KbWGYd8cyitNhsBoSVtIbHNiK49XIC,homme,0,2024-06-06,33,10
[06-Jun-2024 14:52:13 UTC] Nombre de champs : 9
[06-Jun-2024 14:52:13 UTC] Ligne brute : 
[06-Jun-2024 14:52:31 UTC] $_SESSION['loggedin']: non défini
[06-Jun-2024 14:52:31 UTC] Ligne brute : anthoskinny@gmail.com,664e2e109e152,AnthoGaming75,$2y$10$uPeXyHrY5bR5xG0TmrurZuTkCf9vybp.Bm9qSa3uBSGmEBZQRiOe2,homme,1,2024-05-22,19,Limgrave
[06-Jun-2024 14:52:31 UTC] Nombre de champs : 9
[06-Jun-2024 14:52:31 UTC] <div class="image-container">
[06-Jun-2024 14:52:31 UTC] Ligne brute : cocopelle@gmail.com,66504fc43130b,cocopelle,$2y$10$sKTmhN7e7dG42fo7Rrgs9utw2/FaFTX4vyt4VSSgA5Lvni7mQ17Wu,homme,1,2024-05-24,19,cocopellecity
[06-Jun-2024 14:52:31 UTC] Nombre de champs : 9
[06-Jun-2024 14:52:31 UTC] <div class="image-container">
[06-Jun-2024 14:52:31 UTC] Ligne brute : pellerinco@cy-tech.fr,6650f42b26d8c,cocococo,$2y$10$wPOehEoC30GPyL3G6takP.iF8ejlU2nTUCa2pAEA5vsJx8/0HgbWK,homme,0,2024-05-24,19,coco
[06-Jun-2024 14:52:31 UTC] Nombre de champs : 9
[06-Jun-2024 14:52:31 UTC] Ligne brute : bounce@gmail.com,6651cfaca2bac,bounce,$2y$10$tpW29H2inoOdHYB.SB80fO3TGDh4KAH2FJ.Zh6qih61Vk8si0exWC,homme,1,2024-05-25,19,cergy
[06-Jun-2024 14:52:31 UTC] Nombre de champs : 9
[06-Jun-2024 14:52:31 UTC] <div class="image-container">
[06-Jun-2024 14:52:31 UTC] Ligne brute : cpellerin2004@gmail.com,6658819e577c4,Restaurant ,$2y$10$w87uWoe8A4hQBC75rI5IYOUMHmebgUi6VXc24ZnUEyfJt0OAbV2a.,homme,0,2024-05-30,25,Pussy
[06-Jun-2024 14:52:31 UTC] Nombre de champs : 9
[06-Jun-2024 14:52:31 UTC] Ligne brute : 3310@gmail.Com,666199cae1458,3310,$2y$10$MRupS5G6UbSumxCUFRoSGe.KbWGYd8cyitNhsBoSVtIbHNiK49XIC,homme,0,2024-06-06,33,10
[06-Jun-2024 14:52:31 UTC] Nombre de champs : 9
[06-Jun-2024 14:52:31 UTC] Ligne brute : 
[06-Jun-2024 14:52:38 UTC] $_SESSION['loggedin']: non défini
[06-Jun-2024 14:52:38 UTC] Ligne brute : anthoskinny@gmail.com,664e2e109e152,AnthoGaming75,$2y$10$uPeXyHrY5bR5xG0TmrurZuTkCf9vybp.Bm9qSa3uBSGmEBZQRiOe2,homme,1,2024-05-22,19,Limgrave
[06-Jun-2024 14:52:38 UTC] Nombre de champs : 9
[06-Jun-2024 14:52:38 UTC] <div class="image-container">
[06-Jun-2024 14:52:38 UTC] Ligne brute : cocopelle@gmail.com,66504fc43130b,cocopelle,$2y$10$sKTmhN7e7dG42fo7Rrgs9utw2/FaFTX4vyt4VSSgA5Lvni7mQ17Wu,homme,1,2024-05-24,19,cocopellecity
[06-Jun-2024 14:52:38 UTC] Nombre de champs : 9
[06-Jun-2024 14:52:38 UTC] <div class="image-container">
[06-Jun-2024 14:52:38 UTC] Ligne brute : pellerinco@cy-tech.fr,6650f42b26d8c,cocococo,$2y$10$wPOehEoC30GPyL3G6takP.iF8ejlU2nTUCa2pAEA5vsJx8/0HgbWK,homme,0,2024-05-24,19,coco
[06-Jun-2024 14:52:38 UTC] Nombre de champs : 9
[06-Jun-2024 14:52:38 UTC] Ligne brute : bounce@gmail.com,6651cfaca2bac,bounce,$2y$10$tpW29H2inoOdHYB.SB80fO3TGDh4KAH2FJ.Zh6qih61Vk8si0exWC,homme,1,2024-05-25,19,cergy
[06-Jun-2024 14:52:38 UTC] Nombre de champs : 9
[06-Jun-2024 14:52:38 UTC] <div class="image-container">
[06-Jun-2024 14:52:38 UTC] Ligne brute : cpellerin2004@gmail.com,6658819e577c4,Restaurant ,$2y$10$w87uWoe8A4hQBC75rI5IYOUMHmebgUi6VXc24ZnUEyfJt0OAbV2a.,homme,0,2024-05-30,25,Pussy
[06-Jun-2024 14:52:38 UTC] Nombre de champs : 9
[06-Jun-2024 14:52:38 UTC] Ligne brute : 3310@gmail.Com,666199cae1458,3310,$2y$10$MRupS5G6UbSumxCUFRoSGe.KbWGYd8cyitNhsBoSVtIbHNiK49XIC,homme,0,2024-06-06,33,10
[06-Jun-2024 14:52:38 UTC] Nombre de champs : 9
[06-Jun-2024 14:52:38 UTC] Ligne brute : 
[06-Jun-2024 14:54:13 UTC] $_SESSION['loggedin']: non défini
[06-Jun-2024 14:54:13 UTC] Ligne brute : anthoskinny@gmail.com,664e2e109e152,AnthoGaming75,$2y$10$uPeXyHrY5bR5xG0TmrurZuTkCf9vybp.Bm9qSa3uBSGmEBZQRiOe2,homme,1,2024-05-22,19,Limgrave
[06-Jun-2024 14:54:13 UTC] Nombre de champs : 9
[06-Jun-2024 14:54:13 UTC] <div class="image-container">
[06-Jun-2024 14:54:13 UTC] Ligne brute : cocopelle@gmail.com,66504fc43130b,cocopelle,$2y$10$sKTmhN7e7dG42fo7Rrgs9utw2/FaFTX4vyt4VSSgA5Lvni7mQ17Wu,homme,1,2024-05-24,19,cocopellecity
[06-Jun-2024 14:54:13 UTC] Nombre de champs : 9
[06-Jun-2024 14:54:13 UTC] <div class="image-container">
[06-Jun-2024 14:54:13 UTC] Ligne brute : pellerinco@cy-tech.fr,6650f42b26d8c,cocococo,$2y$10$wPOehEoC30GPyL3G6takP.iF8ejlU2nTUCa2pAEA5vsJx8/0HgbWK,homme,0,2024-05-24,19,coco
[06-Jun-2024 14:54:13 UTC] Nombre de champs : 9
[06-Jun-2024 14:54:13 UTC] Ligne brute : bounce@gmail.com,6651cfaca2bac,bounce,$2y$10$tpW29H2inoOdHYB.SB80fO3TGDh4KAH2FJ.Zh6qih61Vk8si0exWC,homme,1,2024-05-25,19,cergy
[06-Jun-2024 14:54:13 UTC] Nombre de champs : 9
[06-Jun-2024 14:54:13 UTC] <div class="image-container">
[06-Jun-2024 14:54:13 UTC] Ligne brute : cpellerin2004@gmail.com,6658819e577c4,Restaurant ,$2y$10$w87uWoe8A4hQBC75rI5IYOUMHmebgUi6VXc24ZnUEyfJt0OAbV2a.,homme,0,2024-05-30,25,Pussy
[06-Jun-2024 14:54:13 UTC] Nombre de champs : 9
[06-Jun-2024 14:54:13 UTC] Ligne brute : 3310@gmail.Com,666199cae1458,3310,$2y$10$MRupS5G6UbSumxCUFRoSGe.KbWGYd8cyitNhsBoSVtIbHNiK49XIC,homme,0,2024-06-06,33,10
[06-Jun-2024 14:54:13 UTC] Nombre de champs : 9
[06-Jun-2024 14:54:13 UTC] Ligne brute : 
[06-Jun-2024 14:54:17 UTC] $_SESSION['loggedin']: non défini
[06-Jun-2024 14:54:17 UTC] Ligne brute : anthoskinny@gmail.com,664e2e109e152,AnthoGaming75,$2y$10$uPeXyHrY5bR5xG0TmrurZuTkCf9vybp.Bm9qSa3uBSGmEBZQRiOe2,homme,1,2024-05-22,19,Limgrave
[06-Jun-2024 14:54:17 UTC] Nombre de champs : 9
[06-Jun-2024 14:54:17 UTC] <div class="image-container">
[06-Jun-2024 14:54:17 UTC] Ligne brute : cocopelle@gmail.com,66504fc43130b,cocopelle,$2y$10$sKTmhN7e7dG42fo7Rrgs9utw2/FaFTX4vyt4VSSgA5Lvni7mQ17Wu,homme,1,2024-05-24,19,cocopellecity
[06-Jun-2024 14:54:17 UTC] Nombre de champs : 9
[06-Jun-2024 14:54:17 UTC] <div class="image-container">
[06-Jun-2024 14:54:17 UTC] Ligne brute : pellerinco@cy-tech.fr,6650f42b26d8c,cocococo,$2y$10$wPOehEoC30GPyL3G6takP.iF8ejlU2nTUCa2pAEA5vsJx8/0HgbWK,homme,0,2024-05-24,19,coco
[06-Jun-2024 14:54:17 UTC] Nombre de champs : 9
[06-Jun-2024 14:54:17 UTC] Ligne brute : bounce@gmail.com,6651cfaca2bac,bounce,$2y$10$tpW29H2inoOdHYB.SB80fO3TGDh4KAH2FJ.Zh6qih61Vk8si0exWC,homme,1,2024-05-25,19,cergy
[06-Jun-2024 14:54:17 UTC] Nombre de champs : 9
[06-Jun-2024 14:54:17 UTC] <div class="image-container">
[06-Jun-2024 14:54:17 UTC] Ligne brute : cpellerin2004@gmail.com,6658819e577c4,Restaurant ,$2y$10$w87uWoe8A4hQBC75rI5IYOUMHmebgUi6VXc24ZnUEyfJt0OAbV2a.,homme,0,2024-05-30,25,Pussy
[06-Jun-2024 14:54:17 UTC] Nombre de champs : 9
[06-Jun-2024 14:54:17 UTC] Ligne brute : 3310@gmail.Com,666199cae1458,3310,$2y$10$MRupS5G6UbSumxCUFRoSGe.KbWGYd8cyitNhsBoSVtIbHNiK49XIC,homme,0,2024-06-06,33,10
[06-Jun-2024 14:54:17 UTC] Nombre de champs : 9
[06-Jun-2024 14:54:17 UTC] Ligne brute : 
[06-Jun-2024 14:59:04 UTC] $_SESSION['loggedin']: non défini
[06-Jun-2024 14:59:04 UTC] Ligne brute : anthoskinny@gmail.com,664e2e109e152,AnthoGaming75,$2y$10$uPeXyHrY5bR5xG0TmrurZuTkCf9vybp.Bm9qSa3uBSGmEBZQRiOe2,homme,1,2024-05-22,19,Limgrave
[06-Jun-2024 14:59:04 UTC] Nombre de champs : 9
[06-Jun-2024 14:59:04 UTC] <div class="image-container">
[06-Jun-2024 14:59:04 UTC] Ligne brute : cocopelle@gmail.com,66504fc43130b,cocopelle,$2y$10$sKTmhN7e7dG42fo7Rrgs9utw2/FaFTX4vyt4VSSgA5Lvni7mQ17Wu,homme,1,2024-05-24,19,cocopellecity
[06-Jun-2024 14:59:04 UTC] Nombre de champs : 9
[06-Jun-2024 14:59:04 UTC] <div class="image-container">
[06-Jun-2024 14:59:04 UTC] Ligne brute : pellerinco@cy-tech.fr,6650f42b26d8c,cocococo,$2y$10$wPOehEoC30GPyL3G6takP.iF8ejlU2nTUCa2pAEA5vsJx8/0HgbWK,homme,0,2024-05-24,19,coco
[06-Jun-2024 14:59:04 UTC] Nombre de champs : 9
[06-Jun-2024 14:59:04 UTC] Ligne brute : bounce@gmail.com,6651cfaca2bac,bounce,$2y$10$tpW29H2inoOdHYB.SB80fO3TGDh4KAH2FJ.Zh6qih61Vk8si0exWC,homme,1,2024-05-25,19,cergy
[06-Jun-2024 14:59:04 UTC] Nombre de champs : 9
[06-Jun-2024 14:59:04 UTC] <div class="image-container">
[06-Jun-2024 14:59:04 UTC] Ligne brute : cpellerin2004@gmail.com,6658819e577c4,Restaurant ,$2y$10$w87uWoe8A4hQBC75rI5IYOUMHmebgUi6VXc24ZnUEyfJt0OAbV2a.,homme,0,2024-05-30,25,Pussy
[06-Jun-2024 14:59:04 UTC] Nombre de champs : 9
[06-Jun-2024 14:59:04 UTC] Ligne brute : 3310@gmail.Com,666199cae1458,3310,$2y$10$MRupS5G6UbSumxCUFRoSGe.KbWGYd8cyitNhsBoSVtIbHNiK49XIC,homme,0,2024-06-06,33,10
[06-Jun-2024 14:59:04 UTC] Nombre de champs : 9
[06-Jun-2024 14:59:04 UTC] Ligne brute : 
[06-Jun-2024 15:00:12 UTC] $_SESSION['loggedin']: non défini
[06-Jun-2024 15:00:12 UTC] Ligne brute : anthoskinny@gmail.com,664e2e109e152,AnthoGaming75,$2y$10$uPeXyHrY5bR5xG0TmrurZuTkCf9vybp.Bm9qSa3uBSGmEBZQRiOe2,homme,1,2024-05-22,19,Limgrave
[06-Jun-2024 15:00:12 UTC] Nombre de champs : 9
[06-Jun-2024 15:00:12 UTC] <div class="image-container">
[06-Jun-2024 15:00:12 UTC] Ligne brute : cocopelle@gmail.com,66504fc43130b,cocopelle,$2y$10$sKTmhN7e7dG42fo7Rrgs9utw2/FaFTX4vyt4VSSgA5Lvni7mQ17Wu,homme,1,2024-05-24,19,cocopellecity
[06-Jun-2024 15:00:12 UTC] Nombre de champs : 9
[06-Jun-2024 15:00:12 UTC] <div class="image-container">
[06-Jun-2024 15:00:12 UTC] Ligne brute : pellerinco@cy-tech.fr,6650f42b26d8c,cocococo,$2y$10$wPOehEoC30GPyL3G6takP.iF8ejlU2nTUCa2pAEA5vsJx8/0HgbWK,homme,0,2024-05-24,19,coco
[06-Jun-2024 15:00:12 UTC] Nombre de champs : 9
[06-Jun-2024 15:00:12 UTC] Ligne brute : bounce@gmail.com,6651cfaca2bac,bounce,$2y$10$tpW29H2inoOdHYB.SB80fO3TGDh4KAH2FJ.Zh6qih61Vk8si0exWC,homme,1,2024-05-25,19,cergy
[06-Jun-2024 15:00:12 UTC] Nombre de champs : 9
[06-Jun-2024 15:00:12 UTC] <div class="image-container">
[06-Jun-2024 15:00:12 UTC] Ligne brute : cpellerin2004@gmail.com,6658819e577c4,Restaurant ,$2y$10$w87uWoe8A4hQBC75rI5IYOUMHmebgUi6VXc24ZnUEyfJt0OAbV2a.,homme,0,2024-05-30,25,Pussy
[06-Jun-2024 15:00:12 UTC] Nombre de champs : 9
[06-Jun-2024 15:00:12 UTC] Ligne brute : 3310@gmail.Com,666199cae1458,3310,$2y$10$MRupS5G6UbSumxCUFRoSGe.KbWGYd8cyitNhsBoSVtIbHNiK49XIC,homme,0,2024-06-06,33,10
[06-Jun-2024 15:00:12 UTC] Nombre de champs : 9
[06-Jun-2024 15:00:12 UTC] Ligne brute : 
[06-Jun-2024 15:01:10 UTC] $_SESSION['loggedin']: non défini
[06-Jun-2024 15:01:10 UTC] Ligne brute : anthoskinny@gmail.com,664e2e109e152,AnthoGaming75,$2y$10$uPeXyHrY5bR5xG0TmrurZuTkCf9vybp.Bm9qSa3uBSGmEBZQRiOe2,homme,1,2024-05-22,19,Limgrave
[06-Jun-2024 15:01:10 UTC] Nombre de champs : 9
[06-Jun-2024 15:01:10 UTC] <div class="image-container">
[06-Jun-2024 15:01:10 UTC] Ligne brute : cocopelle@gmail.com,66504fc43130b,cocopelle,$2y$10$sKTmhN7e7dG42fo7Rrgs9utw2/FaFTX4vyt4VSSgA5Lvni7mQ17Wu,homme,1,2024-05-24,19,cocopellecity
[06-Jun-2024 15:01:10 UTC] Nombre de champs : 9
[06-Jun-2024 15:01:10 UTC] <div class="image-container">
[06-Jun-2024 15:01:10 UTC] Ligne brute : pellerinco@cy-tech.fr,6650f42b26d8c,cocococo,$2y$10$wPOehEoC30GPyL3G6takP.iF8ejlU2nTUCa2pAEA5vsJx8/0HgbWK,homme,0,2024-05-24,19,coco
[06-Jun-2024 15:01:10 UTC] Nombre de champs : 9
[06-Jun-2024 15:01:10 UTC] Ligne brute : bounce@gmail.com,6651cfaca2bac,bounce,$2y$10$tpW29H2inoOdHYB.SB80fO3TGDh4KAH2FJ.Zh6qih61Vk8si0exWC,homme,1,2024-05-25,19,cergy
[06-Jun-2024 15:01:10 UTC] Nombre de champs : 9
[06-Jun-2024 15:01:10 UTC] <div class="image-container">
[06-Jun-2024 15:01:10 UTC] Ligne brute : cpellerin2004@gmail.com,6658819e577c4,Restaurant ,$2y$10$w87uWoe8A4hQBC75rI5IYOUMHmebgUi6VXc24ZnUEyfJt0OAbV2a.,homme,0,2024-05-30,25,Pussy
[06-Jun-2024 15:01:10 UTC] Nombre de champs : 9
[06-Jun-2024 15:01:10 UTC] Ligne brute : 3310@gmail.Com,666199cae1458,3310,$2y$10$MRupS5G6UbSumxCUFRoSGe.KbWGYd8cyitNhsBoSVtIbHNiK49XIC,homme,0,2024-06-06,33,10
[06-Jun-2024 15:01:10 UTC] Nombre de champs : 9
[06-Jun-2024 15:01:10 UTC] Ligne brute : 
[06-Jun-2024 15:01:49 UTC] $_SESSION['loggedin']: 1
[06-Jun-2024 15:01:49 UTC] Ligne brute : anthoskinny@gmail.com,664e2e109e152,AnthoGaming75,$2y$10$uPeXyHrY5bR5xG0TmrurZuTkCf9vybp.Bm9qSa3uBSGmEBZQRiOe2,homme,1,2024-05-22,19,Limgrave
[06-Jun-2024 15:01:49 UTC] Nombre de champs : 9
[06-Jun-2024 15:01:49 UTC] <div class="image-container">
[06-Jun-2024 15:01:49 UTC] Ligne brute : cocopelle@gmail.com,66504fc43130b,cocopelle,$2y$10$sKTmhN7e7dG42fo7Rrgs9utw2/FaFTX4vyt4VSSgA5Lvni7mQ17Wu,homme,1,2024-05-24,19,cocopellecity
[06-Jun-2024 15:01:49 UTC] Nombre de champs : 9
[06-Jun-2024 15:01:49 UTC] <div class="image-container">
[06-Jun-2024 15:01:49 UTC] Ligne brute : pellerinco@cy-tech.fr,6650f42b26d8c,cocococo,$2y$10$wPOehEoC30GPyL3G6takP.iF8ejlU2nTUCa2pAEA5vsJx8/0HgbWK,homme,0,2024-05-24,19,coco
[06-Jun-2024 15:01:49 UTC] Nombre de champs : 9
[06-Jun-2024 15:01:49 UTC] Ligne brute : bounce@gmail.com,6651cfaca2bac,bounce,$2y$10$tpW29H2inoOdHYB.SB80fO3TGDh4KAH2FJ.Zh6qih61Vk8si0exWC,homme,1,2024-05-25,19,cergy
[06-Jun-2024 15:01:49 UTC] Nombre de champs : 9
[06-Jun-2024 15:01:49 UTC] <div class="image-container">
[06-Jun-2024 15:01:49 UTC] Ligne brute : cpellerin2004@gmail.com,6658819e577c4,Restaurant ,$2y$10$w87uWoe8A4hQBC75rI5IYOUMHmebgUi6VXc24ZnUEyfJt0OAbV2a.,homme,0,2024-05-30,25,Pussy
[06-Jun-2024 15:01:49 UTC] Nombre de champs : 9
[06-Jun-2024 15:01:49 UTC] Ligne brute : 3310@gmail.Com,666199cae1458,3310,$2y$10$MRupS5G6UbSumxCUFRoSGe.KbWGYd8cyitNhsBoSVtIbHNiK49XIC,homme,0,2024-06-06,33,10
[06-Jun-2024 15:01:49 UTC] Nombre de champs : 9
[06-Jun-2024 15:01:49 UTC] Ligne brute : 
[06-Jun-2024 15:12:13 UTC] $_SESSION['loggedin']: 1
[06-Jun-2024 15:12:13 UTC] Ligne brute : anthoskinny@gmail.com,664e2e109e152,AnthoGaming75,$2y$10$uPeXyHrY5bR5xG0TmrurZuTkCf9vybp.Bm9qSa3uBSGmEBZQRiOe2,homme,1,2024-05-22,19,Limgrave
[06-Jun-2024 15:12:13 UTC] Nombre de champs : 9
[06-Jun-2024 15:12:13 UTC] <div class="image-container">
[06-Jun-2024 15:12:13 UTC] Ligne brute : cocopelle@gmail.com,66504fc43130b,cocopelle,$2y$10$sKTmhN7e7dG42fo7Rrgs9utw2/FaFTX4vyt4VSSgA5Lvni7mQ17Wu,homme,1,2024-05-24,19,cocopellecity
[06-Jun-2024 15:12:13 UTC] Nombre de champs : 9
[06-Jun-2024 15:12:13 UTC] <div class="image-container">
[06-Jun-2024 15:12:13 UTC] Ligne brute : pellerinco@cy-tech.fr,6650f42b26d8c,cocococo,$2y$10$wPOehEoC30GPyL3G6takP.iF8ejlU2nTUCa2pAEA5vsJx8/0HgbWK,homme,0,2024-05-24,19,coco
[06-Jun-2024 15:12:13 UTC] Nombre de champs : 9
[06-Jun-2024 15:12:13 UTC] Ligne brute : bounce@gmail.com,6651cfaca2bac,bounce,$2y$10$tpW29H2inoOdHYB.SB80fO3TGDh4KAH2FJ.Zh6qih61Vk8si0exWC,homme,1,2024-05-25,19,cergy
[06-Jun-2024 15:12:13 UTC] Nombre de champs : 9
[06-Jun-2024 15:12:13 UTC] <div class="image-container">
[06-Jun-2024 15:12:13 UTC] Ligne brute : cpellerin2004@gmail.com,6658819e577c4,Restaurant ,$2y$10$w87uWoe8A4hQBC75rI5IYOUMHmebgUi6VXc24ZnUEyfJt0OAbV2a.,homme,0,2024-05-30,25,Pussy
[06-Jun-2024 15:12:13 UTC] Nombre de champs : 9
[06-Jun-2024 15:12:13 UTC] Ligne brute : 3310@gmail.Com,666199cae1458,3310,$2y$10$MRupS5G6UbSumxCUFRoSGe.KbWGYd8cyitNhsBoSVtIbHNiK49XIC,homme,0,2024-06-06,33,10
[06-Jun-2024 15:12:13 UTC] Nombre de champs : 9
[06-Jun-2024 15:12:13 UTC] Ligne brute : 
[06-Jun-2024 15:50:50 UTC] $_SESSION['loggedin']: 1
[06-Jun-2024 15:50:50 UTC] Ligne brute : anthoskinny@gmail.com,664e2e109e152,AnthoGaming75,$2y$10$uPeXyHrY5bR5xG0TmrurZuTkCf9vybp.Bm9qSa3uBSGmEBZQRiOe2,homme,1,2024-05-22,19,Limgrave
[06-Jun-2024 15:50:50 UTC] Nombre de champs : 9
[06-Jun-2024 15:50:50 UTC] <div class="image-container">
[06-Jun-2024 15:50:50 UTC] Ligne brute : cocopelle@gmail.com,66504fc43130b,cocopelle,$2y$10$sKTmhN7e7dG42fo7Rrgs9utw2/FaFTX4vyt4VSSgA5Lvni7mQ17Wu,homme,1,2024-05-24,19,cocopellecity
[06-Jun-2024 15:50:50 UTC] Nombre de champs : 9
[06-Jun-2024 15:50:50 UTC] <div class="image-container">
[06-Jun-2024 15:50:50 UTC] Ligne brute : pellerinco@cy-tech.fr,6650f42b26d8c,cocococo,$2y$10$wPOehEoC30GPyL3G6takP.iF8ejlU2nTUCa2pAEA5vsJx8/0HgbWK,homme,0,2024-05-24,19,coco
[06-Jun-2024 15:50:50 UTC] Nombre de champs : 9
[06-Jun-2024 15:50:50 UTC] Ligne brute : bounce@gmail.com,6651cfaca2bac,bounce,$2y$10$tpW29H2inoOdHYB.SB80fO3TGDh4KAH2FJ.Zh6qih61Vk8si0exWC,homme,1,2024-05-25,19,cergy
[06-Jun-2024 15:50:50 UTC] Nombre de champs : 9
[06-Jun-2024 15:50:50 UTC] <div class="image-container">
[06-Jun-2024 15:50:50 UTC] Ligne brute : cpellerin2004@gmail.com,6658819e577c4,Restaurant ,$2y$10$w87uWoe8A4hQBC75rI5IYOUMHmebgUi6VXc24ZnUEyfJt0OAbV2a.,homme,0,2024-05-30,25,Pussy
[06-Jun-2024 15:50:50 UTC] Nombre de champs : 9
[06-Jun-2024 15:50:50 UTC] Ligne brute : 3310@gmail.Com,666199cae1458,3310,$2y$10$MRupS5G6UbSumxCUFRoSGe.KbWGYd8cyitNhsBoSVtIbHNiK49XIC,homme,0,2024-06-06,33,10
[06-Jun-2024 15:50:50 UTC] Nombre de champs : 9
[06-Jun-2024 15:50:50 UTC] Ligne brute : 
[06-Jun-2024 15:50:55 UTC] $_SESSION['loggedin']: 1
[06-Jun-2024 15:50:55 UTC] Ligne brute : anthoskinny@gmail.com,664e2e109e152,AnthoGaming75,$2y$10$uPeXyHrY5bR5xG0TmrurZuTkCf9vybp.Bm9qSa3uBSGmEBZQRiOe2,homme,1,2024-05-22,19,Limgrave
[06-Jun-2024 15:50:55 UTC] Nombre de champs : 9
[06-Jun-2024 15:50:55 UTC] <div class="image-container">
[06-Jun-2024 15:50:55 UTC] Ligne brute : cocopelle@gmail.com,66504fc43130b,cocopelle,$2y$10$sKTmhN7e7dG42fo7Rrgs9utw2/FaFTX4vyt4VSSgA5Lvni7mQ17Wu,homme,1,2024-05-24,19,cocopellecity
[06-Jun-2024 15:50:55 UTC] Nombre de champs : 9
[06-Jun-2024 15:50:55 UTC] <div class="image-container">
[06-Jun-2024 15:50:55 UTC] Ligne brute : pellerinco@cy-tech.fr,6650f42b26d8c,cocococo,$2y$10$wPOehEoC30GPyL3G6takP.iF8ejlU2nTUCa2pAEA5vsJx8/0HgbWK,homme,0,2024-05-24,19,coco
[06-Jun-2024 15:50:55 UTC] Nombre de champs : 9
[06-Jun-2024 15:50:55 UTC] Ligne brute : bounce@gmail.com,6651cfaca2bac,bounce,$2y$10$tpW29H2inoOdHYB.SB80fO3TGDh4KAH2FJ.Zh6qih61Vk8si0exWC,homme,1,2024-05-25,19,cergy
[06-Jun-2024 15:50:55 UTC] Nombre de champs : 9
[06-Jun-2024 15:50:55 UTC] <div class="image-container">
[06-Jun-2024 15:50:55 UTC] Ligne brute : cpellerin2004@gmail.com,6658819e577c4,Restaurant ,$2y$10$w87uWoe8A4hQBC75rI5IYOUMHmebgUi6VXc24ZnUEyfJt0OAbV2a.,homme,0,2024-05-30,25,Pussy
[06-Jun-2024 15:50:55 UTC] Nombre de champs : 9
[06-Jun-2024 15:50:55 UTC] Ligne brute : 3310@gmail.Com,666199cae1458,3310,$2y$10$MRupS5G6UbSumxCUFRoSGe.KbWGYd8cyitNhsBoSVtIbHNiK49XIC,homme,0,2024-06-06,33,10
[06-Jun-2024 15:50:55 UTC] Nombre de champs : 9
[06-Jun-2024 15:50:55 UTC] Ligne brute : 
[06-Jun-2024 15:54:45 UTC] $_SESSION['loggedin']: 1
[06-Jun-2024 15:54:45 UTC] Ligne brute : anthoskinny@gmail.com,664e2e109e152,AnthoGaming75,$2y$10$uPeXyHrY5bR5xG0TmrurZuTkCf9vybp.Bm9qSa3uBSGmEBZQRiOe2,homme,1,2024-05-22,19,Limgrave
[06-Jun-2024 15:54:45 UTC] Nombre de champs : 9
[06-Jun-2024 15:54:45 UTC] <div class="image-container">
[06-Jun-2024 15:54:45 UTC] Ligne brute : cocopelle@gmail.com,66504fc43130b,cocopelle,$2y$10$sKTmhN7e7dG42fo7Rrgs9utw2/FaFTX4vyt4VSSgA5Lvni7mQ17Wu,homme,1,2024-05-24,19,cocopellecity
[06-Jun-2024 15:54:45 UTC] Nombre de champs : 9
[06-Jun-2024 15:54:45 UTC] <div class="image-container">
[06-Jun-2024 15:54:45 UTC] Ligne brute : pellerinco@cy-tech.fr,6650f42b26d8c,cocococo,$2y$10$wPOehEoC30GPyL3G6takP.iF8ejlU2nTUCa2pAEA5vsJx8/0HgbWK,homme,0,2024-05-24,19,coco
[06-Jun-2024 15:54:45 UTC] Nombre de champs : 9
[06-Jun-2024 15:54:45 UTC] Ligne brute : bounce@gmail.com,6651cfaca2bac,bounce,$2y$10$tpW29H2inoOdHYB.SB80fO3TGDh4KAH2FJ.Zh6qih61Vk8si0exWC,homme,1,2024-05-25,19,cergy
[06-Jun-2024 15:54:45 UTC] Nombre de champs : 9
[06-Jun-2024 15:54:45 UTC] <div class="image-container">
[06-Jun-2024 15:54:45 UTC] Ligne brute : cpellerin2004@gmail.com,6658819e577c4,Restaurant ,$2y$10$w87uWoe8A4hQBC75rI5IYOUMHmebgUi6VXc24ZnUEyfJt0OAbV2a.,homme,0,2024-05-30,25,Pussy
[06-Jun-2024 15:54:45 UTC] Nombre de champs : 9
[06-Jun-2024 15:54:45 UTC] Ligne brute : 3310@gmail.Com,666199cae1458,3310,$2y$10$MRupS5G6UbSumxCUFRoSGe.KbWGYd8cyitNhsBoSVtIbHNiK49XIC,homme,0,2024-06-06,33,10
[06-Jun-2024 15:54:45 UTC] Nombre de champs : 9
[06-Jun-2024 15:54:45 UTC] Ligne brute : 
[06-Jun-2024 15:54:47 UTC] $_SESSION['loggedin']: 1
[06-Jun-2024 15:54:47 UTC] Ligne brute : anthoskinny@gmail.com,664e2e109e152,AnthoGaming75,$2y$10$uPeXyHrY5bR5xG0TmrurZuTkCf9vybp.Bm9qSa3uBSGmEBZQRiOe2,homme,1,2024-05-22,19,Limgrave
[06-Jun-2024 15:54:47 UTC] Nombre de champs : 9
[06-Jun-2024 15:54:47 UTC] <div class="image-container">
[06-Jun-2024 15:54:47 UTC] Ligne brute : cocopelle@gmail.com,66504fc43130b,cocopelle,$2y$10$sKTmhN7e7dG42fo7Rrgs9utw2/FaFTX4vyt4VSSgA5Lvni7mQ17Wu,homme,1,2024-05-24,19,cocopellecity
[06-Jun-2024 15:54:47 UTC] Nombre de champs : 9
[06-Jun-2024 15:54:47 UTC] <div class="image-container">
[06-Jun-2024 15:54:47 UTC] Ligne brute : pellerinco@cy-tech.fr,6650f42b26d8c,cocococo,$2y$10$wPOehEoC30GPyL3G6takP.iF8ejlU2nTUCa2pAEA5vsJx8/0HgbWK,homme,0,2024-05-24,19,coco
[06-Jun-2024 15:54:47 UTC] Nombre de champs : 9
[06-Jun-2024 15:54:47 UTC] Ligne brute : bounce@gmail.com,6651cfaca2bac,bounce,$2y$10$tpW29H2inoOdHYB.SB80fO3TGDh4KAH2FJ.Zh6qih61Vk8si0exWC,homme,1,2024-05-25,19,cergy
[06-Jun-2024 15:54:47 UTC] Nombre de champs : 9
[06-Jun-2024 15:54:47 UTC] <div class="image-container">
[06-Jun-2024 15:54:47 UTC] Ligne brute : cpellerin2004@gmail.com,6658819e577c4,Restaurant ,$2y$10$w87uWoe8A4hQBC75rI5IYOUMHmebgUi6VXc24ZnUEyfJt0OAbV2a.,homme,0,2024-05-30,25,Pussy
[06-Jun-2024 15:54:47 UTC] Nombre de champs : 9
[06-Jun-2024 15:54:47 UTC] Ligne brute : 3310@gmail.Com,666199cae1458,3310,$2y$10$MRupS5G6UbSumxCUFRoSGe.KbWGYd8cyitNhsBoSVtIbHNiK49XIC,homme,0,2024-06-06,33,10
[06-Jun-2024 15:54:47 UTC] Nombre de champs : 9
[06-Jun-2024 15:54:47 UTC] Ligne brute : 
[06-Jun-2024 15:54:48 UTC] $_SESSION['loggedin']: 1
[06-Jun-2024 15:54:48 UTC] Ligne brute : anthoskinny@gmail.com,664e2e109e152,AnthoGaming75,$2y$10$uPeXyHrY5bR5xG0TmrurZuTkCf9vybp.Bm9qSa3uBSGmEBZQRiOe2,homme,1,2024-05-22,19,Limgrave
[06-Jun-2024 15:54:48 UTC] Nombre de champs : 9
[06-Jun-2024 15:54:48 UTC] <div class="image-container">
[06-Jun-2024 15:54:48 UTC] Ligne brute : cocopelle@gmail.com,66504fc43130b,cocopelle,$2y$10$sKTmhN7e7dG42fo7Rrgs9utw2/FaFTX4vyt4VSSgA5Lvni7mQ17Wu,homme,1,2024-05-24,19,cocopellecity
[06-Jun-2024 15:54:48 UTC] Nombre de champs : 9
[06-Jun-2024 15:54:48 UTC] <div class="image-container">
[06-Jun-2024 15:54:48 UTC] Ligne brute : pellerinco@cy-tech.fr,6650f42b26d8c,cocococo,$2y$10$wPOehEoC30GPyL3G6takP.iF8ejlU2nTUCa2pAEA5vsJx8/0HgbWK,homme,0,2024-05-24,19,coco
[06-Jun-2024 15:54:48 UTC] Nombre de champs : 9
[06-Jun-2024 15:54:48 UTC] Ligne brute : bounce@gmail.com,6651cfaca2bac,bounce,$2y$10$tpW29H2inoOdHYB.SB80fO3TGDh4KAH2FJ.Zh6qih61Vk8si0exWC,homme,1,2024-05-25,19,cergy
[06-Jun-2024 15:54:48 UTC] Nombre de champs : 9
[06-Jun-2024 15:54:48 UTC] <div class="image-container">
[06-Jun-2024 15:54:48 UTC] Ligne brute : cpellerin2004@gmail.com,6658819e577c4,Restaurant ,$2y$10$w87uWoe8A4hQBC75rI5IYOUMHmebgUi6VXc24ZnUEyfJt0OAbV2a.,homme,0,2024-05-30,25,Pussy
[06-Jun-2024 15:54:48 UTC] Nombre de champs : 9
[06-Jun-2024 15:54:48 UTC] Ligne brute : 3310@gmail.Com,666199cae1458,3310,$2y$10$MRupS5G6UbSumxCUFRoSGe.KbWGYd8cyitNhsBoSVtIbHNiK49XIC,homme,0,2024-06-06,33,10
[06-Jun-2024 15:54:48 UTC] Nombre de champs : 9
[06-Jun-2024 15:54:48 UTC] Ligne brute : 
[06-Jun-2024 15:54:48 UTC] $_SESSION['loggedin']: 1
[06-Jun-2024 15:54:48 UTC] Ligne brute : anthoskinny@gmail.com,664e2e109e152,AnthoGaming75,$2y$10$uPeXyHrY5bR5xG0TmrurZuTkCf9vybp.Bm9qSa3uBSGmEBZQRiOe2,homme,1,2024-05-22,19,Limgrave
[06-Jun-2024 15:54:48 UTC] Nombre de champs : 9
[06-Jun-2024 15:54:48 UTC] <div class="image-container">
[06-Jun-2024 15:54:48 UTC] Ligne brute : cocopelle@gmail.com,66504fc43130b,cocopelle,$2y$10$sKTmhN7e7dG42fo7Rrgs9utw2/FaFTX4vyt4VSSgA5Lvni7mQ17Wu,homme,1,2024-05-24,19,cocopellecity
[06-Jun-2024 15:54:48 UTC] Nombre de champs : 9
[06-Jun-2024 15:54:48 UTC] <div class="image-container">
[06-Jun-2024 15:54:48 UTC] Ligne brute : pellerinco@cy-tech.fr,6650f42b26d8c,cocococo,$2y$10$wPOehEoC30GPyL3G6takP.iF8ejlU2nTUCa2pAEA5vsJx8/0HgbWK,homme,0,2024-05-24,19,coco
[06-Jun-2024 15:54:48 UTC] Nombre de champs : 9
[06-Jun-2024 15:54:48 UTC] Ligne brute : bounce@gmail.com,6651cfaca2bac,bounce,$2y$10$tpW29H2inoOdHYB.SB80fO3TGDh4KAH2FJ.Zh6qih61Vk8si0exWC,homme,1,2024-05-25,19,cergy
[06-Jun-2024 15:54:48 UTC] Nombre de champs : 9
[06-Jun-2024 15:54:48 UTC] <div class="image-container">
[06-Jun-2024 15:54:48 UTC] Ligne brute : cpellerin2004@gmail.com,6658819e577c4,Restaurant ,$2y$10$w87uWoe8A4hQBC75rI5IYOUMHmebgUi6VXc24ZnUEyfJt0OAbV2a.,homme,0,2024-05-30,25,Pussy
[06-Jun-2024 15:54:48 UTC] Nombre de champs : 9
[06-Jun-2024 15:54:48 UTC] Ligne brute : 3310@gmail.Com,666199cae1458,3310,$2y$10$MRupS5G6UbSumxCUFRoSGe.KbWGYd8cyitNhsBoSVtIbHNiK49XIC,homme,0,2024-06-06,33,10
[06-Jun-2024 15:54:48 UTC] Nombre de champs : 9
[06-Jun-2024 15:54:48 UTC] Ligne brute : 
